Flow report for fan_light_pass
Sun Dec 01 13:03:36 2024
Quartus II Version 8.1 Build 163 10/28/2008 SJ Web Edition


---------------------
; Table of Contents ;
---------------------
  1. Legal Notice
  2. Flow Summary
  3. Flow Settings
  4. Flow Non-Default Global Settings
  5. Flow Elapsed Time
  6. Flow OS Summary
  7. Flow Log



----------------
; Legal Notice ;
----------------
Copyright (C) 1991-2008 Altera Corporation
Your use of Altera Corporation's design tools, logic functions 
and other software and tools, and its AMPP partner logic 
functions, and any output files from any of the foregoing 
(including device programming or simulation files), and any 
associated documentation or information are expressly subject 
to the terms and conditions of the Altera Program License 
Subscription Agreement, Altera MegaCore Function License 
Agreement, or other applicable license agreement, including, 
without limitation, that your use is for the sole purpose of 
programming logic devices manufactured by Altera and sold by 
Altera or its authorized distributors.  Please refer to the 
applicable agreement for further details.



+-------------------------------------------------------------------+
; Flow Summary                                                      ;
+-------------------------+-----------------------------------------+
; Flow Status             ; Successful - Sun Dec 01 13:03:36 2024   ;
; Quartus II Version      ; 8.1 Build 163 10/28/2008 SJ Web Edition ;
; Revision Name           ; fan_light_pass                          ;
; Top-level Entity Name   ; fan_light_pass                          ;
; Family                  ; FLEX10K                                 ;
; Device                  ; EPF10K10TC144-3                         ;
; Timing Models           ; Final                                   ;
; Met timing requirements ; Yes                                     ;
; Total logic elements    ; 276 / 576 ( 48 % )                      ;
; Total pins              ; 26 / 102 ( 25 % )                       ;
; Total memory bits       ; 0 / 6,144 ( 0 % )                       ;
+-------------------------+-----------------------------------------+


+-----------------------------------------+
; Flow Settings                           ;
+-------------------+---------------------+
; Option            ; Setting             ;
+-------------------+---------------------+
; Start date & time ; 12/01/2024 13:03:28 ;
; Main task         ; Compilation         ;
; Revision Name     ; fan_light_pass      ;
+-------------------+---------------------+


+-----------------------------------------------------------------------------------------------------------------------------+
; Flow Non-Default Global Settings                                                                                            ;
+--------------------------------------+---------------------------------+---------------+-------------+----------------------+
; Assignment Name                      ; Value                           ; Default Value ; Entity Name ; Section Id           ;
+--------------------------------------+---------------------------------+---------------+-------------+----------------------+
; COMPILER_SIGNATURE_ID                ; 123818828719417.173303660819256 ; --            ; --          ; --                   ;
; EDA_DESIGN_ENTRY_SYNTHESIS_TOOL      ; Design Compiler                 ; <None>        ; --          ; --                   ;
; EDA_INPUT_DATA_FORMAT                ; Edif                            ; --            ; --          ; eda_design_synthesis ;
; EDA_INPUT_VCC_NAME                   ; Vdd                             ; --            ; --          ; eda_design_synthesis ;
; EDA_LMF_FILE                         ; altsyn.lmf                      ; --            ; --          ; eda_design_synthesis ;
; EDA_NATIVELINK_SIMULATION_TEST_BENCH ; testbench                       ; --            ; --          ; eda_simulation       ;
; EDA_OUTPUT_DATA_FORMAT               ; Verilog                         ; --            ; --          ; eda_simulation       ;
; EDA_OUTPUT_DATA_FORMAT               ; Verilog                         ; --            ; --          ; eda_timing_analysis  ;
; EDA_SIMULATION_TOOL                  ; ModelSim-Altera (Verilog)       ; <None>        ; --          ; --                   ;
; EDA_TEST_BENCH_ENABLE_STATUS         ; TEST_BENCH_MODE                 ; --            ; --          ; eda_simulation       ;
; EDA_TIME_SCALE                       ; 1 ps                            ; --            ; --          ; eda_simulation       ;
; EDA_TIMING_ANALYSIS_TOOL             ; PrimeTime (Verilog)             ; <None>        ; --          ; --                   ;
; MAX_CORE_JUNCTION_TEMP               ; 85                              ; --            ; --          ; --                   ;
; MIN_CORE_JUNCTION_TEMP               ; 0                               ; --            ; --          ; --                   ;
; USE_GENERATED_PHYSICAL_CONSTRAINTS   ; Off                             ; --            ; --          ; eda_blast_fpga       ;
+--------------------------------------+---------------------------------+---------------+-------------+----------------------+


+-----------------------------------------------------------------------------------------------------------------------------+
; Flow Elapsed Time                                                                                                           ;
+-------------------------+--------------+-------------------------+---------------------+------------------------------------+
; Module Name             ; Elapsed Time ; Average Processors Used ; Peak Virtual Memory ; Total CPU Time (on all processors) ;
+-------------------------+--------------+-------------------------+---------------------+------------------------------------+
; Analysis & Synthesis    ; 00:00:02     ; 1.0                     ; 232 MB              ; 00:00:01                           ;
; Fitter                  ; 00:00:01     ; 1.0                     ; 221 MB              ; 00:00:01                           ;
; Assembler               ; 00:00:01     ; 1.0                     ; 207 MB              ; 00:00:00                           ;
; Classic Timing Analyzer ; 00:00:00     ; 1.0                     ; 176 MB              ; 00:00:00                           ;
; EDA Netlist Writer      ; 00:00:00     ; 1.0                     ; 162 MB              ; 00:00:00                           ;
; Total                   ; 00:00:04     ; --                      ; --                  ; 00:00:02                           ;
+-------------------------+--------------+-------------------------+---------------------+------------------------------------+


+------------------------------------------------------------------------------------------+
; Flow OS Summary                                                                          ;
+-------------------------+------------------+---------------+------------+----------------+
; Module Name             ; Machine Hostname ; OS Name       ; OS Version ; Processor type ;
+-------------------------+------------------+---------------+------------+----------------+
; Analysis & Synthesis    ; LAPTOP-R007OTI4  ; Windows Vista ; 6.2        ; x86_64         ;
; Fitter                  ; LAPTOP-R007OTI4  ; Windows Vista ; 6.2        ; x86_64         ;
; Assembler               ; LAPTOP-R007OTI4  ; Windows Vista ; 6.2        ; x86_64         ;
; Classic Timing Analyzer ; LAPTOP-R007OTI4  ; Windows Vista ; 6.2        ; x86_64         ;
; EDA Netlist Writer      ; LAPTOP-R007OTI4  ; Windows Vista ; 6.2        ; x86_64         ;
+-------------------------+------------------+---------------+------------+----------------+


------------
; Flow Log ;
------------
quartus_map --read_settings_files=on --write_settings_files=off fan_light_pass -c fan_light_pass
quartus_fit --read_settings_files=off --write_settings_files=off fan_light_pass -c fan_light_pass
quartus_asm --read_settings_files=off --write_settings_files=off fan_light_pass -c fan_light_pass
quartus_tan --read_settings_files=off --write_settings_files=off fan_light_pass -c fan_light_pass
quartus_eda --read_settings_files=off --write_settings_files=off fan_light_pass -c fan_light_pass



